2024-03-22T15:25:22.650+05:30  INFO 4736 --- [Order-Api] [restartedMain] c.o.o.OrderserviceApplication            : Starting OrderserviceApplication using Java 17.0.10 with PID 4736 (D:\SERVICES-MICRO\orderservice\target\classes started by Precise in D:\SERVICES-MICRO\orderservice)
2024-03-22T15:25:22.653+05:30  INFO 4736 --- [Order-Api] [restartedMain] c.o.o.OrderserviceApplication            : No active profile set, falling back to 1 default profile: "default"
2024-03-22T15:25:22.692+05:30  INFO 4736 --- [Order-Api] [restartedMain] .e.DevToolsPropertyDefaultsPostProcessor : Devtools property defaults active! Set 'spring.devtools.add-properties' to 'false' to disable
2024-03-22T15:25:22.693+05:30  INFO 4736 --- [Order-Api] [restartedMain] .e.DevToolsPropertyDefaultsPostProcessor : For additional web related logging consider setting the 'logging.level.web' property to 'DEBUG'
2024-03-22T15:25:23.556+05:30  INFO 4736 --- [Order-Api] [restartedMain] o.s.b.w.embedded.tomcat.TomcatWebServer  : Tomcat initialized with port 8080 (http)
2024-03-22T15:25:23.564+05:30  INFO 4736 --- [Order-Api] [restartedMain] o.apache.catalina.core.StandardService   : Starting service [Tomcat]
2024-03-22T15:25:23.564+05:30  INFO 4736 --- [Order-Api] [restartedMain] o.apache.catalina.core.StandardEngine    : Starting Servlet engine: [Apache Tomcat/10.1.18]
2024-03-22T15:25:23.598+05:30  INFO 4736 --- [Order-Api] [restartedMain] o.a.c.c.C.[Tomcat].[localhost].[/]       : Initializing Spring embedded WebApplicationContext
2024-03-22T15:25:23.599+05:30  INFO 4736 --- [Order-Api] [restartedMain] w.s.c.ServletWebServerApplicationContext : Root WebApplicationContext: initialization completed in 906 ms
2024-03-22T15:25:24.063+05:30  WARN 4736 --- [Order-Api] [restartedMain] o.s.b.d.a.OptionalLiveReloadServer       : Unable to start LiveReload server
2024-03-22T15:25:24.066+05:30  INFO 4736 --- [Order-Api] [restartedMain] o.s.b.a.e.web.EndpointLinksResolver      : Exposing 14 endpoint(s) beneath base path '/actuator'
2024-03-22T15:25:24.116+05:30  INFO 4736 --- [Order-Api] [restartedMain] o.s.b.w.embedded.tomcat.TomcatWebServer  : Tomcat started on port 8080 (http) with context path ''
2024-03-22T15:25:24.129+05:30  INFO 4736 --- [Order-Api] [restartedMain] c.o.o.OrderserviceApplication            : Started OrderserviceApplication in 1.774 seconds (process running for 2.935)
2024-03-22T15:25:24.179+05:30  WARN 4736 --- [Order-Api] [registrationTask1] d.c.b.a.c.r.ApplicationRegistrator       : Failed to register application as Application(name=Order-Api, managementUrl=http://host.docker.internal:8080/actuator, healthUrl=http://host.docker.internal:8080/actuator/health, serviceUrl=http://host.docker.internal:8080/) at spring-boot-admin ([http://localhost:9090/instances]): I/O error on POST request for "http://localhost:9090/instances": Connection refused: no further information. Further attempts are logged on DEBUG level
2024-03-22T15:25:24.431+05:30  INFO 4736 --- [Order-Api] [RMI TCP Connection(3)-127.0.0.1] o.a.c.c.C.[Tomcat].[localhost].[/]       : Initializing Spring DispatcherServlet 'dispatcherServlet'
2024-03-22T15:25:24.431+05:30  INFO 4736 --- [Order-Api] [RMI TCP Connection(3)-127.0.0.1] o.s.web.servlet.DispatcherServlet        : Initializing Servlet 'dispatcherServlet'
2024-03-22T15:25:24.432+05:30  INFO 4736 --- [Order-Api] [RMI TCP Connection(3)-127.0.0.1] o.s.web.servlet.DispatcherServlet        : Completed initialization in 1 ms
2024-03-22T15:27:31.410+05:30  INFO 4736 --- [Order-Api] [File Watcher] rtingClassPathChangeChangedEventListener : Restarting due to 1 class path change (1 addition, 0 deletions, 0 modifications)
2024-03-22T15:27:31.488+05:30  INFO 4736 --- [Order-Api] [restartedMain] c.o.o.OrderserviceApplication            : Starting OrderserviceApplication using Java 17.0.10 with PID 4736 (D:\SERVICES-MICRO\orderservice\target\classes started by Precise in D:\SERVICES-MICRO\orderservice)
2024-03-22T15:27:31.488+05:30  INFO 4736 --- [Order-Api] [restartedMain] c.o.o.OrderserviceApplication            : No active profile set, falling back to 1 default profile: "default"
2024-03-22T15:27:31.710+05:30  INFO 4736 --- [Order-Api] [restartedMain] o.s.b.w.embedded.tomcat.TomcatWebServer  : Tomcat initialized with port 8080 (http)
2024-03-22T15:27:31.710+05:30  INFO 4736 --- [Order-Api] [restartedMain] o.apache.catalina.core.StandardService   : Starting service [Tomcat]
2024-03-22T15:27:31.710+05:30  INFO 4736 --- [Order-Api] [restartedMain] o.apache.catalina.core.StandardEngine    : Starting Servlet engine: [Apache Tomcat/10.1.18]
2024-03-22T15:27:31.717+05:30  INFO 4736 --- [Order-Api] [restartedMain] o.a.c.c.C.[Tomcat].[localhost].[/]       : Initializing Spring embedded WebApplicationContext
2024-03-22T15:27:31.717+05:30  INFO 4736 --- [Order-Api] [restartedMain] w.s.c.ServletWebServerApplicationContext : Root WebApplicationContext: initialization completed in 227 ms
2024-03-22T15:27:31.815+05:30  WARN 4736 --- [Order-Api] [restartedMain] o.s.b.d.a.OptionalLiveReloadServer       : Unable to start LiveReload server
2024-03-22T15:27:31.817+05:30  INFO 4736 --- [Order-Api] [restartedMain] o.s.b.a.e.web.EndpointLinksResolver      : Exposing 14 endpoint(s) beneath base path '/actuator'
2024-03-22T15:27:31.829+05:30  INFO 4736 --- [Order-Api] [restartedMain] o.s.b.w.embedded.tomcat.TomcatWebServer  : Tomcat started on port 8080 (http) with context path ''
2024-03-22T15:27:31.837+05:30  INFO 4736 --- [Order-Api] [restartedMain] c.o.o.OrderserviceApplication            : Started OrderserviceApplication in 0.391 seconds (process running for 130.642)
2024-03-22T15:27:31.839+05:30  INFO 4736 --- [Order-Api] [restartedMain] .ConditionEvaluationDeltaLoggingListener : Condition evaluation unchanged
2024-03-22T15:27:31.867+05:30  WARN 4736 --- [Order-Api] [registrationTask1] d.c.b.a.c.r.ApplicationRegistrator       : Failed to register application as Application(name=Order-Api, managementUrl=http://host.docker.internal:8080/actuator, healthUrl=http://host.docker.internal:8080/actuator/health, serviceUrl=http://host.docker.internal:8080/) at spring-boot-admin ([http://localhost:9090/instances]): I/O error on POST request for "http://localhost:9090/instances": Connection refused: no further information. Further attempts are logged on DEBUG level
2024-03-22T15:27:33.235+05:30  INFO 4736 --- [Order-Api] [File Watcher] rtingClassPathChangeChangedEventListener : Restarting due to 3 class path changes (0 additions, 0 deletions, 3 modifications)
2024-03-22T15:27:33.281+05:30  INFO 4736 --- [Order-Api] [restartedMain] c.o.o.OrderserviceApplication            : Starting OrderserviceApplication using Java 17.0.10 with PID 4736 (D:\SERVICES-MICRO\orderservice\target\classes started by Precise in D:\SERVICES-MICRO\orderservice)
2024-03-22T15:27:33.282+05:30  INFO 4736 --- [Order-Api] [restartedMain] c.o.o.OrderserviceApplication            : No active profile set, falling back to 1 default profile: "default"
2024-03-22T15:27:33.793+05:30  INFO 4736 --- [Order-Api] [restartedMain] o.s.b.w.embedded.tomcat.TomcatWebServer  : Tomcat initialized with port 8080 (http)
2024-03-22T15:27:33.794+05:30  INFO 4736 --- [Order-Api] [restartedMain] o.apache.catalina.core.StandardService   : Starting service [Tomcat]
2024-03-22T15:27:33.794+05:30  INFO 4736 --- [Order-Api] [restartedMain] o.apache.catalina.core.StandardEngine    : Starting Servlet engine: [Apache Tomcat/10.1.18]
2024-03-22T15:27:33.802+05:30  INFO 4736 --- [Order-Api] [restartedMain] o.a.c.c.C.[Tomcat].[localhost].[/]       : Initializing Spring embedded WebApplicationContext
2024-03-22T15:27:33.802+05:30  INFO 4736 --- [Order-Api] [restartedMain] w.s.c.ServletWebServerApplicationContext : Root WebApplicationContext: initialization completed in 519 ms
2024-03-22T15:27:33.875+05:30  WARN 4736 --- [Order-Api] [restartedMain] o.s.b.d.a.OptionalLiveReloadServer       : Unable to start LiveReload server
2024-03-22T15:27:33.877+05:30  INFO 4736 --- [Order-Api] [restartedMain] o.s.b.a.e.web.EndpointLinksResolver      : Exposing 14 endpoint(s) beneath base path '/actuator'
2024-03-22T15:27:33.886+05:30  INFO 4736 --- [Order-Api] [restartedMain] o.s.b.w.embedded.tomcat.TomcatWebServer  : Tomcat started on port 8080 (http) with context path ''
2024-03-22T15:27:33.895+05:30  INFO 4736 --- [Order-Api] [restartedMain] c.o.o.OrderserviceApplication            : Started OrderserviceApplication in 0.627 seconds (process running for 132.7)
2024-03-22T15:27:33.897+05:30  INFO 4736 --- [Order-Api] [restartedMain] .ConditionEvaluationDeltaLoggingListener : Condition evaluation unchanged
2024-03-22T15:27:33.920+05:30  WARN 4736 --- [Order-Api] [registrationTask1] d.c.b.a.c.r.ApplicationRegistrator       : Failed to register application as Application(name=Order-Api, managementUrl=http://host.docker.internal:8080/actuator, healthUrl=http://host.docker.internal:8080/actuator/health, serviceUrl=http://host.docker.internal:8080/) at spring-boot-admin ([http://localhost:9090/instances]): I/O error on POST request for "http://localhost:9090/instances": Connection refused: no further information. Further attempts are logged on DEBUG level
2024-03-22T15:29:14.371+05:30  INFO 4736 --- [Order-Api] [File Watcher] rtingClassPathChangeChangedEventListener : Restarting due to 1 class path change (0 additions, 0 deletions, 1 modification)
2024-03-22T15:29:14.415+05:30  INFO 4736 --- [Order-Api] [restartedMain] c.o.o.OrderserviceApplication            : Starting OrderserviceApplication using Java 17.0.10 with PID 4736 (D:\SERVICES-MICRO\orderservice\target\classes started by Precise in D:\SERVICES-MICRO\orderservice)
2024-03-22T15:29:14.416+05:30  INFO 4736 --- [Order-Api] [restartedMain] c.o.o.OrderserviceApplication            : No active profile set, falling back to 1 default profile: "default"
2024-03-22T15:29:14.570+05:30  INFO 4736 --- [Order-Api] [restartedMain] o.s.b.w.embedded.tomcat.TomcatWebServer  : Tomcat initialized with port 8080 (http)
2024-03-22T15:29:14.571+05:30  INFO 4736 --- [Order-Api] [restartedMain] o.apache.catalina.core.StandardService   : Starting service [Tomcat]
2024-03-22T15:29:14.571+05:30  INFO 4736 --- [Order-Api] [restartedMain] o.apache.catalina.core.StandardEngine    : Starting Servlet engine: [Apache Tomcat/10.1.18]
2024-03-22T15:29:14.576+05:30  INFO 4736 --- [Order-Api] [restartedMain] o.a.c.c.C.[Tomcat].[localhost].[/]       : Initializing Spring embedded WebApplicationContext
2024-03-22T15:29:14.576+05:30  INFO 4736 --- [Order-Api] [restartedMain] w.s.c.ServletWebServerApplicationContext : Root WebApplicationContext: initialization completed in 159 ms
2024-03-22T15:29:14.650+05:30  WARN 4736 --- [Order-Api] [restartedMain] o.s.b.d.a.OptionalLiveReloadServer       : Unable to start LiveReload server
2024-03-22T15:29:14.652+05:30  INFO 4736 --- [Order-Api] [restartedMain] o.s.b.a.e.web.EndpointLinksResolver      : Exposing 14 endpoint(s) beneath base path '/actuator'
2024-03-22T15:29:14.660+05:30  INFO 4736 --- [Order-Api] [restartedMain] o.s.b.w.embedded.tomcat.TomcatWebServer  : Tomcat started on port 8080 (http) with context path ''
2024-03-22T15:29:14.668+05:30  INFO 4736 --- [Order-Api] [restartedMain] c.o.o.OrderserviceApplication            : Started OrderserviceApplication in 0.264 seconds (process running for 233.473)
2024-03-22T15:29:14.669+05:30  INFO 4736 --- [Order-Api] [restartedMain] .ConditionEvaluationDeltaLoggingListener : Condition evaluation unchanged
2024-03-22T15:29:14.671+05:30  WARN 4736 --- [Order-Api] [registrationTask1] d.c.b.a.c.r.ApplicationRegistrator       : Failed to register application as Application(name=Order-Api, managementUrl=http://host.docker.internal:8080/actuator, healthUrl=http://host.docker.internal:8080/actuator/health, serviceUrl=http://host.docker.internal:8080/) at spring-boot-admin ([http://localhost:9090/instances]): I/O error on POST request for "http://localhost:9090/instances": Connection refused: no further information. Further attempts are logged on DEBUG level
2024-03-22T15:29:56.831+05:30  INFO 12780 --- [Order-Api] [restartedMain] c.o.o.OrderserviceApplication            : Starting OrderserviceApplication using Java 17.0.10 with PID 12780 (D:\SERVICES-MICRO\orderservice\target\classes started by Precise in D:\SERVICES-MICRO\orderservice)
2024-03-22T15:29:56.832+05:30  INFO 12780 --- [Order-Api] [restartedMain] c.o.o.OrderserviceApplication            : No active profile set, falling back to 1 default profile: "default"
2024-03-22T15:29:56.858+05:30  INFO 12780 --- [Order-Api] [restartedMain] .e.DevToolsPropertyDefaultsPostProcessor : Devtools property defaults active! Set 'spring.devtools.add-properties' to 'false' to disable
2024-03-22T15:29:56.858+05:30  INFO 12780 --- [Order-Api] [restartedMain] .e.DevToolsPropertyDefaultsPostProcessor : For additional web related logging consider setting the 'logging.level.web' property to 'DEBUG'
2024-03-22T15:29:57.445+05:30  INFO 12780 --- [Order-Api] [restartedMain] o.s.b.w.embedded.tomcat.TomcatWebServer  : Tomcat initialized with port 8080 (http)
2024-03-22T15:29:57.451+05:30  INFO 12780 --- [Order-Api] [restartedMain] o.apache.catalina.core.StandardService   : Starting service [Tomcat]
2024-03-22T15:29:57.451+05:30  INFO 12780 --- [Order-Api] [restartedMain] o.apache.catalina.core.StandardEngine    : Starting Servlet engine: [Apache Tomcat/10.1.18]
2024-03-22T15:29:57.486+05:30  INFO 12780 --- [Order-Api] [restartedMain] o.a.c.c.C.[Tomcat].[localhost].[/]       : Initializing Spring embedded WebApplicationContext
2024-03-22T15:29:57.486+05:30  INFO 12780 --- [Order-Api] [restartedMain] w.s.c.ServletWebServerApplicationContext : Root WebApplicationContext: initialization completed in 628 ms
2024-03-22T15:29:57.785+05:30  WARN 12780 --- [Order-Api] [restartedMain] o.s.b.d.a.OptionalLiveReloadServer       : Unable to start LiveReload server
2024-03-22T15:29:57.788+05:30  INFO 12780 --- [Order-Api] [restartedMain] o.s.b.a.e.web.EndpointLinksResolver      : Exposing 14 endpoint(s) beneath base path '/actuator'
2024-03-22T15:29:57.824+05:30  INFO 12780 --- [Order-Api] [restartedMain] o.s.b.w.embedded.tomcat.TomcatWebServer  : Tomcat started on port 8080 (http) with context path ''
2024-03-22T15:29:57.834+05:30  INFO 12780 --- [Order-Api] [restartedMain] c.o.o.OrderserviceApplication            : Started OrderserviceApplication in 1.244 seconds (process running for 1.639)
2024-03-22T15:29:57.872+05:30  WARN 12780 --- [Order-Api] [registrationTask1] d.c.b.a.c.r.ApplicationRegistrator       : Failed to register application as Application(name=Order-Api, managementUrl=http://host.docker.internal:8080/actuator, healthUrl=http://host.docker.internal:8080/actuator/health, serviceUrl=http://host.docker.internal:8080/) at spring-boot-admin ([http://localhost:9090/instances]): I/O error on POST request for "http://localhost:9090/instances": Connection refused: no further information. Further attempts are logged on DEBUG level
2024-03-22T15:29:58.373+05:30  INFO 12780 --- [Order-Api] [RMI TCP Connection(3)-127.0.0.1] o.a.c.c.C.[Tomcat].[localhost].[/]       : Initializing Spring DispatcherServlet 'dispatcherServlet'
2024-03-22T15:29:58.374+05:30  INFO 12780 --- [Order-Api] [RMI TCP Connection(3)-127.0.0.1] o.s.web.servlet.DispatcherServlet        : Initializing Servlet 'dispatcherServlet'
2024-03-22T15:29:58.375+05:30  INFO 12780 --- [Order-Api] [RMI TCP Connection(3)-127.0.0.1] o.s.web.servlet.DispatcherServlet        : Completed initialization in 1 ms
2024-03-22T15:31:11.193+05:30  INFO 12780 --- [Order-Api] [File Watcher] rtingClassPathChangeChangedEventListener : Restarting due to 1 class path change (0 additions, 0 deletions, 1 modification)
2024-03-22T15:31:11.238+05:30  INFO 12780 --- [Order-Api] [restartedMain] c.o.o.OrderserviceApplication            : Starting OrderserviceApplication using Java 17.0.10 with PID 12780 (D:\SERVICES-MICRO\orderservice\target\classes started by Precise in D:\SERVICES-MICRO\orderservice)
2024-03-22T15:31:11.238+05:30  INFO 12780 --- [Order-Api] [restartedMain] c.o.o.OrderserviceApplication            : No active profile set, falling back to 1 default profile: "default"
2024-03-22T15:31:11.376+05:30  INFO 12780 --- [Order-Api] [restartedMain] o.s.b.w.embedded.tomcat.TomcatWebServer  : Tomcat initialized with port 8080 (http)
2024-03-22T15:31:11.376+05:30  INFO 12780 --- [Order-Api] [restartedMain] o.apache.catalina.core.StandardService   : Starting service [Tomcat]
2024-03-22T15:31:11.376+05:30  INFO 12780 --- [Order-Api] [restartedMain] o.apache.catalina.core.StandardEngine    : Starting Servlet engine: [Apache Tomcat/10.1.18]
2024-03-22T15:31:11.383+05:30  INFO 12780 --- [Order-Api] [restartedMain] o.a.c.c.C.[Tomcat].[localhost].[/]       : Initializing Spring embedded WebApplicationContext
2024-03-22T15:31:11.383+05:30  INFO 12780 --- [Order-Api] [restartedMain] w.s.c.ServletWebServerApplicationContext : Root WebApplicationContext: initialization completed in 144 ms
2024-03-22T15:31:11.458+05:30  WARN 12780 --- [Order-Api] [restartedMain] o.s.b.d.a.OptionalLiveReloadServer       : Unable to start LiveReload server
2024-03-22T15:31:11.460+05:30  INFO 12780 --- [Order-Api] [restartedMain] o.s.b.a.e.web.EndpointLinksResolver      : Exposing 14 endpoint(s) beneath base path '/actuator'
2024-03-22T15:31:11.468+05:30  INFO 12780 --- [Order-Api] [restartedMain] o.s.b.w.embedded.tomcat.TomcatWebServer  : Tomcat started on port 8080 (http) with context path ''
2024-03-22T15:31:11.473+05:30  INFO 12780 --- [Order-Api] [restartedMain] c.o.o.OrderserviceApplication            : Started OrderserviceApplication in 0.25 seconds (process running for 75.279)
2024-03-22T15:31:11.475+05:30  INFO 12780 --- [Order-Api] [restartedMain] .ConditionEvaluationDeltaLoggingListener : Condition evaluation unchanged
2024-03-22T15:31:11.477+05:30  WARN 12780 --- [Order-Api] [registrationTask1] d.c.b.a.c.r.ApplicationRegistrator       : Failed to register application as Application(name=Order-Api, managementUrl=http://host.docker.internal:8080/actuator, healthUrl=http://host.docker.internal:8080/actuator/health, serviceUrl=http://host.docker.internal:8080/) at spring-boot-admin ([http://localhost:9090/instances]): I/O error on POST request for "http://localhost:9090/instances": Connection refused: no further information. Further attempts are logged on DEBUG level
2024-03-22T15:31:28.055+05:30  INFO 12780 --- [Order-Api] [File Watcher] rtingClassPathChangeChangedEventListener : Restarting due to 1 class path change (0 additions, 0 deletions, 1 modification)
2024-03-22T15:31:28.095+05:30  INFO 12780 --- [Order-Api] [restartedMain] c.o.o.OrderserviceApplication            : Starting OrderserviceApplication using Java 17.0.10 with PID 12780 (D:\SERVICES-MICRO\orderservice\target\classes started by Precise in D:\SERVICES-MICRO\orderservice)
2024-03-22T15:31:28.096+05:30  INFO 12780 --- [Order-Api] [restartedMain] c.o.o.OrderserviceApplication            : No active profile set, falling back to 1 default profile: "default"
2024-03-22T15:31:28.221+05:30  INFO 12780 --- [Order-Api] [restartedMain] o.s.b.w.embedded.tomcat.TomcatWebServer  : Tomcat initialized with port 8080 (http)
2024-03-22T15:31:28.221+05:30  INFO 12780 --- [Order-Api] [restartedMain] o.apache.catalina.core.StandardService   : Starting service [Tomcat]
2024-03-22T15:31:28.221+05:30  INFO 12780 --- [Order-Api] [restartedMain] o.apache.catalina.core.StandardEngine    : Starting Servlet engine: [Apache Tomcat/10.1.18]
2024-03-22T15:31:28.228+05:30  INFO 12780 --- [Order-Api] [restartedMain] o.a.c.c.C.[Tomcat].[localhost].[/]       : Initializing Spring embedded WebApplicationContext
2024-03-22T15:31:28.229+05:30  INFO 12780 --- [Order-Api] [restartedMain] w.s.c.ServletWebServerApplicationContext : Root WebApplicationContext: initialization completed in 132 ms
2024-03-22T15:31:28.299+05:30  WARN 12780 --- [Order-Api] [restartedMain] o.s.b.d.a.OptionalLiveReloadServer       : Unable to start LiveReload server
2024-03-22T15:31:28.301+05:30  INFO 12780 --- [Order-Api] [restartedMain] o.s.b.a.e.web.EndpointLinksResolver      : Exposing 14 endpoint(s) beneath base path '/actuator'
2024-03-22T15:31:28.311+05:30  INFO 12780 --- [Order-Api] [restartedMain] o.s.b.w.embedded.tomcat.TomcatWebServer  : Tomcat started on port 8080 (http) with context path ''
2024-03-22T15:31:28.316+05:30  INFO 12780 --- [Order-Api] [restartedMain] c.o.o.OrderserviceApplication            : Started OrderserviceApplication in 0.23 seconds (process running for 92.121)
2024-03-22T15:31:28.317+05:30  INFO 12780 --- [Order-Api] [restartedMain] .ConditionEvaluationDeltaLoggingListener : Condition evaluation unchanged
2024-03-22T15:31:28.320+05:30  WARN 12780 --- [Order-Api] [registrationTask1] d.c.b.a.c.r.ApplicationRegistrator       : Failed to register application as Application(name=Order-Api, managementUrl=http://host.docker.internal:8080/actuator, healthUrl=http://host.docker.internal:8080/actuator/health, serviceUrl=http://host.docker.internal:8080/) at spring-boot-admin ([http://localhost:9090/instances]): I/O error on POST request for "http://localhost:9090/instances": Connection refused: no further information. Further attempts are logged on DEBUG level
2024-03-22T15:31:38.153+05:30  INFO 12780 --- [Order-Api] [RMI TCP Connection(6)-127.0.0.1] inMXBeanRegistrar$SpringApplicationAdmin : Application shutdown requested.
2024-03-22T15:39:08.075+05:30  INFO 320 --- [Order-Api] [restartedMain] c.o.o.OrderserviceApplication            : Starting OrderserviceApplication using Java 17.0.10 with PID 320 (D:\SERVICES-MICRO\orderservice\target\classes started by Precise in D:\SERVICES-MICRO\orderservice)
2024-03-22T15:39:08.077+05:30  INFO 320 --- [Order-Api] [restartedMain] c.o.o.OrderserviceApplication            : No active profile set, falling back to 1 default profile: "default"
2024-03-22T15:39:08.109+05:30  INFO 320 --- [Order-Api] [restartedMain] .e.DevToolsPropertyDefaultsPostProcessor : Devtools property defaults active! Set 'spring.devtools.add-properties' to 'false' to disable
2024-03-22T15:39:08.109+05:30  INFO 320 --- [Order-Api] [restartedMain] .e.DevToolsPropertyDefaultsPostProcessor : For additional web related logging consider setting the 'logging.level.web' property to 'DEBUG'
2024-03-22T15:39:08.715+05:30  INFO 320 --- [Order-Api] [restartedMain] .s.d.r.c.RepositoryConfigurationDelegate : Bootstrapping Spring Data JPA repositories in DEFAULT mode.
2024-03-22T15:39:08.730+05:30  INFO 320 --- [Order-Api] [restartedMain] .s.d.r.c.RepositoryConfigurationDelegate : Finished Spring Data repository scanning in 8 ms. Found 0 JPA repository interfaces.
2024-03-22T15:39:09.195+05:30  INFO 320 --- [Order-Api] [restartedMain] o.s.b.w.embedded.tomcat.TomcatWebServer  : Tomcat initialized with port 8080 (http)
2024-03-22T15:39:09.204+05:30  INFO 320 --- [Order-Api] [restartedMain] o.apache.catalina.core.StandardService   : Starting service [Tomcat]
2024-03-22T15:39:09.204+05:30  INFO 320 --- [Order-Api] [restartedMain] o.apache.catalina.core.StandardEngine    : Starting Servlet engine: [Apache Tomcat/10.1.18]
2024-03-22T15:39:09.241+05:30  INFO 320 --- [Order-Api] [restartedMain] o.a.c.c.C.[Tomcat].[localhost].[/]       : Initializing Spring embedded WebApplicationContext
2024-03-22T15:39:09.242+05:30  INFO 320 --- [Order-Api] [restartedMain] w.s.c.ServletWebServerApplicationContext : Root WebApplicationContext: initialization completed in 1132 ms
2024-03-22T15:39:09.346+05:30  WARN 320 --- [Order-Api] [restartedMain] ConfigServletWebServerApplicationContext : Exception encountered during context initialization - cancelling refresh attempt: org.springframework.beans.factory.UnsatisfiedDependencyException: Error creating bean with name 'dataSourceScriptDatabaseInitializer' defined in class path resource [org/springframework/boot/autoconfigure/sql/init/DataSourceInitializationConfiguration.class]: Unsatisfied dependency expressed through method 'dataSourceScriptDatabaseInitializer' parameter 0: Error creating bean with name 'dataSource' defined in class path resource [org/springframework/boot/autoconfigure/jdbc/DataSourceConfiguration$Hikari.class]: Failed to instantiate [com.zaxxer.hikari.HikariDataSource]: Factory method 'dataSource' threw exception with message: Failed to determine a suitable driver class
2024-03-22T15:39:09.348+05:30  INFO 320 --- [Order-Api] [restartedMain] o.apache.catalina.core.StandardService   : Stopping service [Tomcat]
2024-03-22T15:39:09.363+05:30  INFO 320 --- [Order-Api] [restartedMain] .s.b.a.l.ConditionEvaluationReportLogger : 

Error starting ApplicationContext. To display the condition evaluation report re-run your application with 'debug' enabled.
2024-03-22T15:39:09.376+05:30 ERROR 320 --- [Order-Api] [restartedMain] o.s.b.d.LoggingFailureAnalysisReporter   : 

***************************
APPLICATION FAILED TO START
***************************

Description:

Failed to configure a DataSource: 'url' attribute is not specified and no embedded datasource could be configured.

Reason: Failed to determine a suitable driver class


Action:

Consider the following:
	If you want an embedded database (H2, HSQL or Derby), please put it on the classpath.
	If you have database settings to be loaded from a particular profile you may need to activate it (no profiles are currently active).

2024-03-22T15:40:44.742+05:30  INFO 192 --- [Order-Api] [restartedMain] c.o.o.OrderserviceApplication            : Starting OrderserviceApplication using Java 17.0.10 with PID 192 (D:\SERVICES-MICRO\orderservice\target\classes started by Precise in D:\SERVICES-MICRO\orderservice)
2024-03-22T15:40:44.744+05:30  INFO 192 --- [Order-Api] [restartedMain] c.o.o.OrderserviceApplication            : No active profile set, falling back to 1 default profile: "default"
2024-03-22T15:40:44.773+05:30  INFO 192 --- [Order-Api] [restartedMain] .e.DevToolsPropertyDefaultsPostProcessor : Devtools property defaults active! Set 'spring.devtools.add-properties' to 'false' to disable
2024-03-22T15:40:44.773+05:30  INFO 192 --- [Order-Api] [restartedMain] .e.DevToolsPropertyDefaultsPostProcessor : For additional web related logging consider setting the 'logging.level.web' property to 'DEBUG'
2024-03-22T15:40:45.255+05:30  INFO 192 --- [Order-Api] [restartedMain] .s.d.r.c.RepositoryConfigurationDelegate : Bootstrapping Spring Data JPA repositories in DEFAULT mode.
2024-03-22T15:40:45.269+05:30  INFO 192 --- [Order-Api] [restartedMain] .s.d.r.c.RepositoryConfigurationDelegate : Finished Spring Data repository scanning in 8 ms. Found 0 JPA repository interfaces.
2024-03-22T15:40:45.654+05:30  INFO 192 --- [Order-Api] [restartedMain] o.s.b.w.embedded.tomcat.TomcatWebServer  : Tomcat initialized with port 8080 (http)
2024-03-22T15:40:45.662+05:30  INFO 192 --- [Order-Api] [restartedMain] o.apache.catalina.core.StandardService   : Starting service [Tomcat]
2024-03-22T15:40:45.662+05:30  INFO 192 --- [Order-Api] [restartedMain] o.apache.catalina.core.StandardEngine    : Starting Servlet engine: [Apache Tomcat/10.1.18]
2024-03-22T15:40:45.692+05:30  INFO 192 --- [Order-Api] [restartedMain] o.a.c.c.C.[Tomcat].[localhost].[/]       : Initializing Spring embedded WebApplicationContext
2024-03-22T15:40:45.692+05:30  INFO 192 --- [Order-Api] [restartedMain] w.s.c.ServletWebServerApplicationContext : Root WebApplicationContext: initialization completed in 919 ms
2024-03-22T15:40:45.795+05:30  WARN 192 --- [Order-Api] [restartedMain] ConfigServletWebServerApplicationContext : Exception encountered during context initialization - cancelling refresh attempt: org.springframework.beans.factory.UnsatisfiedDependencyException: Error creating bean with name 'dataSourceScriptDatabaseInitializer' defined in class path resource [org/springframework/boot/autoconfigure/sql/init/DataSourceInitializationConfiguration.class]: Unsatisfied dependency expressed through method 'dataSourceScriptDatabaseInitializer' parameter 0: Error creating bean with name 'dataSource' defined in class path resource [org/springframework/boot/autoconfigure/jdbc/DataSourceConfiguration$Hikari.class]: Failed to instantiate [com.zaxxer.hikari.HikariDataSource]: Factory method 'dataSource' threw exception with message: Failed to determine a suitable driver class
2024-03-22T15:40:45.796+05:30  INFO 192 --- [Order-Api] [restartedMain] o.apache.catalina.core.StandardService   : Stopping service [Tomcat]
2024-03-22T15:40:45.807+05:30  INFO 192 --- [Order-Api] [restartedMain] .s.b.a.l.ConditionEvaluationReportLogger : 

Error starting ApplicationContext. To display the condition evaluation report re-run your application with 'debug' enabled.
2024-03-22T15:40:45.817+05:30 ERROR 192 --- [Order-Api] [restartedMain] o.s.b.d.LoggingFailureAnalysisReporter   : 

***************************
APPLICATION FAILED TO START
***************************

Description:

Failed to configure a DataSource: 'url' attribute is not specified and no embedded datasource could be configured.

Reason: Failed to determine a suitable driver class


Action:

Consider the following:
	If you want an embedded database (H2, HSQL or Derby), please put it on the classpath.
	If you have database settings to be loaded from a particular profile you may need to activate it (no profiles are currently active).

2024-03-22T15:46:18.447+05:30  INFO 30964 --- [Order-Api] [restartedMain] c.o.o.OrderserviceApplication            : Starting OrderserviceApplication using Java 17.0.10 with PID 30964 (D:\SERVICES-MICRO\orderservice\target\classes started by Precise in D:\SERVICES-MICRO\orderservice)
2024-03-22T15:46:18.449+05:30  INFO 30964 --- [Order-Api] [restartedMain] c.o.o.OrderserviceApplication            : No active profile set, falling back to 1 default profile: "default"
2024-03-22T15:46:18.477+05:30  INFO 30964 --- [Order-Api] [restartedMain] .e.DevToolsPropertyDefaultsPostProcessor : Devtools property defaults active! Set 'spring.devtools.add-properties' to 'false' to disable
2024-03-22T15:46:18.477+05:30  INFO 30964 --- [Order-Api] [restartedMain] .e.DevToolsPropertyDefaultsPostProcessor : For additional web related logging consider setting the 'logging.level.web' property to 'DEBUG'
2024-03-22T15:46:19.000+05:30  INFO 30964 --- [Order-Api] [restartedMain] .s.d.r.c.RepositoryConfigurationDelegate : Bootstrapping Spring Data JPA repositories in DEFAULT mode.
2024-03-22T15:46:19.012+05:30  INFO 30964 --- [Order-Api] [restartedMain] .s.d.r.c.RepositoryConfigurationDelegate : Finished Spring Data repository scanning in 7 ms. Found 0 JPA repository interfaces.
2024-03-22T15:46:19.372+05:30  INFO 30964 --- [Order-Api] [restartedMain] o.s.b.w.embedded.tomcat.TomcatWebServer  : Tomcat initialized with port 8080 (http)
2024-03-22T15:46:19.379+05:30  INFO 30964 --- [Order-Api] [restartedMain] o.apache.catalina.core.StandardService   : Starting service [Tomcat]
2024-03-22T15:46:19.379+05:30  INFO 30964 --- [Order-Api] [restartedMain] o.apache.catalina.core.StandardEngine    : Starting Servlet engine: [Apache Tomcat/10.1.18]
2024-03-22T15:46:19.412+05:30  INFO 30964 --- [Order-Api] [restartedMain] o.a.c.c.C.[Tomcat].[localhost].[/]       : Initializing Spring embedded WebApplicationContext
2024-03-22T15:46:19.413+05:30  INFO 30964 --- [Order-Api] [restartedMain] w.s.c.ServletWebServerApplicationContext : Root WebApplicationContext: initialization completed in 936 ms
2024-03-22T15:46:19.528+05:30  WARN 30964 --- [Order-Api] [restartedMain] ConfigServletWebServerApplicationContext : Exception encountered during context initialization - cancelling refresh attempt: org.springframework.beans.factory.UnsatisfiedDependencyException: Error creating bean with name 'dataSourceScriptDatabaseInitializer' defined in class path resource [org/springframework/boot/autoconfigure/sql/init/DataSourceInitializationConfiguration.class]: Unsatisfied dependency expressed through method 'dataSourceScriptDatabaseInitializer' parameter 0: Error creating bean with name 'dataSource' defined in class path resource [org/springframework/boot/autoconfigure/jdbc/DataSourceConfiguration$Hikari.class]: Failed to instantiate [com.zaxxer.hikari.HikariDataSource]: Factory method 'dataSource' threw exception with message: Cannot load driver class: org.postgresql.Driver
2024-03-22T15:46:19.530+05:30  INFO 30964 --- [Order-Api] [restartedMain] o.apache.catalina.core.StandardService   : Stopping service [Tomcat]
2024-03-22T15:46:19.541+05:30  INFO 30964 --- [Order-Api] [restartedMain] .s.b.a.l.ConditionEvaluationReportLogger : 

Error starting ApplicationContext. To display the condition evaluation report re-run your application with 'debug' enabled.
2024-03-22T15:46:19.554+05:30 ERROR 30964 --- [Order-Api] [restartedMain] o.s.boot.SpringApplication               : Application run failed

org.springframework.beans.factory.UnsatisfiedDependencyException: Error creating bean with name 'dataSourceScriptDatabaseInitializer' defined in class path resource [org/springframework/boot/autoconfigure/sql/init/DataSourceInitializationConfiguration.class]: Unsatisfied dependency expressed through method 'dataSourceScriptDatabaseInitializer' parameter 0: Error creating bean with name 'dataSource' defined in class path resource [org/springframework/boot/autoconfigure/jdbc/DataSourceConfiguration$Hikari.class]: Failed to instantiate [com.zaxxer.hikari.HikariDataSource]: Factory method 'dataSource' threw exception with message: Cannot load driver class: org.postgresql.Driver
	at org.springframework.beans.factory.support.ConstructorResolver.createArgumentArray(ConstructorResolver.java:798) ~[spring-beans-6.1.3.jar:6.1.3]
	at org.springframework.beans.factory.support.ConstructorResolver.instantiateUsingFactoryMethod(ConstructorResolver.java:542) ~[spring-beans-6.1.3.jar:6.1.3]
	at org.springframework.beans.factory.support.AbstractAutowireCapableBeanFactory.instantiateUsingFactoryMethod(AbstractAutowireCapableBeanFactory.java:1334) ~[spring-beans-6.1.3.jar:6.1.3]
	at org.springframework.beans.factory.support.AbstractAutowireCapableBeanFactory.createBeanInstance(AbstractAutowireCapableBeanFactory.java:1164) ~[spring-beans-6.1.3.jar:6.1.3]
	at org.springframework.beans.factory.support.AbstractAutowireCapableBeanFactory.doCreateBean(AbstractAutowireCapableBeanFactory.java:561) ~[spring-beans-6.1.3.jar:6.1.3]
	at org.springframework.beans.factory.support.AbstractAutowireCapableBeanFactory.createBean(AbstractAutowireCapableBeanFactory.java:521) ~[spring-beans-6.1.3.jar:6.1.3]
	at org.springframework.beans.factory.support.AbstractBeanFactory.lambda$doGetBean$0(AbstractBeanFactory.java:325) ~[spring-beans-6.1.3.jar:6.1.3]
	at org.springframework.beans.factory.support.DefaultSingletonBeanRegistry.getSingleton(DefaultSingletonBeanRegistry.java:234) ~[spring-beans-6.1.3.jar:6.1.3]
	at org.springframework.beans.factory.support.AbstractBeanFactory.doGetBean(AbstractBeanFactory.java:323) ~[spring-beans-6.1.3.jar:6.1.3]
	at org.springframework.beans.factory.support.AbstractBeanFactory.getBean(AbstractBeanFactory.java:199) ~[spring-beans-6.1.3.jar:6.1.3]
	at org.springframework.beans.factory.support.AbstractBeanFactory.doGetBean(AbstractBeanFactory.java:312) ~[spring-beans-6.1.3.jar:6.1.3]
	at org.springframework.beans.factory.support.AbstractBeanFactory.getBean(AbstractBeanFactory.java:199) ~[spring-beans-6.1.3.jar:6.1.3]
	at org.springframework.context.support.AbstractApplicationContext.getBean(AbstractApplicationContext.java:1231) ~[spring-context-6.1.3.jar:6.1.3]
	at org.springframework.context.support.AbstractApplicationContext.finishBeanFactoryInitialization(AbstractApplicationContext.java:949) ~[spring-context-6.1.3.jar:6.1.3]
	at org.springframework.context.support.AbstractApplicationContext.refresh(AbstractApplicationContext.java:624) ~[spring-context-6.1.3.jar:6.1.3]
	at org.springframework.boot.web.servlet.context.ServletWebServerApplicationContext.refresh(ServletWebServerApplicationContext.java:146) ~[spring-boot-3.2.2.jar:3.2.2]
	at org.springframework.boot.SpringApplication.refresh(SpringApplication.java:754) ~[spring-boot-3.2.2.jar:3.2.2]
	at org.springframework.boot.SpringApplication.refreshContext(SpringApplication.java:456) ~[spring-boot-3.2.2.jar:3.2.2]
	at org.springframework.boot.SpringApplication.run(SpringApplication.java:334) ~[spring-boot-3.2.2.jar:3.2.2]
	at org.springframework.boot.SpringApplication.run(SpringApplication.java:1354) ~[spring-boot-3.2.2.jar:3.2.2]
	at org.springframework.boot.SpringApplication.run(SpringApplication.java:1343) ~[spring-boot-3.2.2.jar:3.2.2]
	at com.order.orderservice.OrderserviceApplication.main(OrderserviceApplication.java:13) ~[classes/:na]
	at java.base/jdk.internal.reflect.NativeMethodAccessorImpl.invoke0(Native Method) ~[na:na]
	at java.base/jdk.internal.reflect.NativeMethodAccessorImpl.invoke(NativeMethodAccessorImpl.java:77) ~[na:na]
	at java.base/jdk.internal.reflect.DelegatingMethodAccessorImpl.invoke(DelegatingMethodAccessorImpl.java:43) ~[na:na]
	at java.base/java.lang.reflect.Method.invoke(Method.java:568) ~[na:na]
	at org.springframework.boot.devtools.restart.RestartLauncher.run(RestartLauncher.java:50) ~[spring-boot-devtools-3.2.2.jar:3.2.2]
Caused by: org.springframework.beans.factory.BeanCreationException: Error creating bean with name 'dataSource' defined in class path resource [org/springframework/boot/autoconfigure/jdbc/DataSourceConfiguration$Hikari.class]: Failed to instantiate [com.zaxxer.hikari.HikariDataSource]: Factory method 'dataSource' threw exception with message: Cannot load driver class: org.postgresql.Driver
	at org.springframework.beans.factory.support.ConstructorResolver.instantiate(ConstructorResolver.java:651) ~[spring-beans-6.1.3.jar:6.1.3]
	at org.springframework.beans.factory.support.ConstructorResolver.instantiateUsingFactoryMethod(ConstructorResolver.java:639) ~[spring-beans-6.1.3.jar:6.1.3]
	at org.springframework.beans.factory.support.AbstractAutowireCapableBeanFactory.instantiateUsingFactoryMethod(AbstractAutowireCapableBeanFactory.java:1334) ~[spring-beans-6.1.3.jar:6.1.3]
	at org.springframework.beans.factory.support.AbstractAutowireCapableBeanFactory.createBeanInstance(AbstractAutowireCapableBeanFactory.java:1164) ~[spring-beans-6.1.3.jar:6.1.3]
	at org.springframework.beans.factory.support.AbstractAutowireCapableBeanFactory.doCreateBean(AbstractAutowireCapableBeanFactory.java:561) ~[spring-beans-6.1.3.jar:6.1.3]
	at org.springframework.beans.factory.support.AbstractAutowireCapableBeanFactory.createBean(AbstractAutowireCapableBeanFactory.java:521) ~[spring-beans-6.1.3.jar:6.1.3]
	at org.springframework.beans.factory.support.AbstractBeanFactory.lambda$doGetBean$0(AbstractBeanFactory.java:325) ~[spring-beans-6.1.3.jar:6.1.3]
	at org.springframework.beans.factory.support.DefaultSingletonBeanRegistry.getSingleton(DefaultSingletonBeanRegistry.java:234) ~[spring-beans-6.1.3.jar:6.1.3]
	at org.springframework.beans.factory.support.AbstractBeanFactory.doGetBean(AbstractBeanFactory.java:323) ~[spring-beans-6.1.3.jar:6.1.3]
	at org.springframework.beans.factory.support.AbstractBeanFactory.getBean(AbstractBeanFactory.java:199) ~[spring-beans-6.1.3.jar:6.1.3]
	at org.springframework.beans.factory.config.DependencyDescriptor.resolveCandidate(DependencyDescriptor.java:254) ~[spring-beans-6.1.3.jar:6.1.3]
	at org.springframework.beans.factory.support.DefaultListableBeanFactory.doResolveDependency(DefaultListableBeanFactory.java:1443) ~[spring-beans-6.1.3.jar:6.1.3]
	at org.springframework.beans.factory.support.DefaultListableBeanFactory.resolveDependency(DefaultListableBeanFactory.java:1353) ~[spring-beans-6.1.3.jar:6.1.3]
	at org.springframework.beans.factory.support.ConstructorResolver.resolveAutowiredArgument(ConstructorResolver.java:907) ~[spring-beans-6.1.3.jar:6.1.3]
	at org.springframework.beans.factory.support.ConstructorResolver.createArgumentArray(ConstructorResolver.java:785) ~[spring-beans-6.1.3.jar:6.1.3]
	... 26 common frames omitted
Caused by: org.springframework.beans.BeanInstantiationException: Failed to instantiate [com.zaxxer.hikari.HikariDataSource]: Factory method 'dataSource' threw exception with message: Cannot load driver class: org.postgresql.Driver
	at org.springframework.beans.factory.support.SimpleInstantiationStrategy.instantiate(SimpleInstantiationStrategy.java:177) ~[spring-beans-6.1.3.jar:6.1.3]
	at org.springframework.beans.factory.support.ConstructorResolver.instantiate(ConstructorResolver.java:647) ~[spring-beans-6.1.3.jar:6.1.3]
	... 40 common frames omitted
Caused by: java.lang.IllegalStateException: Cannot load driver class: org.postgresql.Driver
	at org.springframework.util.Assert.state(Assert.java:97) ~[spring-core-6.1.3.jar:6.1.3]
	at org.springframework.boot.autoconfigure.jdbc.DataSourceProperties.determineDriverClassName(DataSourceProperties.java:175) ~[spring-boot-autoconfigure-3.2.2.jar:3.2.2]
	at org.springframework.boot.autoconfigure.jdbc.PropertiesJdbcConnectionDetails.getDriverClassName(PropertiesJdbcConnectionDetails.java:49) ~[spring-boot-autoconfigure-3.2.2.jar:3.2.2]
	at org.springframework.boot.autoconfigure.jdbc.DataSourceConfiguration.createDataSource(DataSourceConfiguration.java:55) ~[spring-boot-autoconfigure-3.2.2.jar:3.2.2]
	at org.springframework.boot.autoconfigure.jdbc.DataSourceConfiguration$Hikari.dataSource(DataSourceConfiguration.java:117) ~[spring-boot-autoconfigure-3.2.2.jar:3.2.2]
	at java.base/jdk.internal.reflect.NativeMethodAccessorImpl.invoke0(Native Method) ~[na:na]
	at java.base/jdk.internal.reflect.NativeMethodAccessorImpl.invoke(NativeMethodAccessorImpl.java:77) ~[na:na]
	at java.base/jdk.internal.reflect.DelegatingMethodAccessorImpl.invoke(DelegatingMethodAccessorImpl.java:43) ~[na:na]
	at java.base/java.lang.reflect.Method.invoke(Method.java:568) ~[na:na]
	at org.springframework.beans.factory.support.SimpleInstantiationStrategy.instantiate(SimpleInstantiationStrategy.java:140) ~[spring-beans-6.1.3.jar:6.1.3]
	... 41 common frames omitted

2024-03-22T15:49:00.549+05:30  INFO 320 --- [Order-Api] [restartedMain] c.o.o.OrderserviceApplication            : Starting OrderserviceApplication using Java 17.0.10 with PID 320 (D:\SERVICES-MICRO\orderservice\target\classes started by Precise in D:\SERVICES-MICRO\orderservice)
2024-03-22T15:49:00.551+05:30  INFO 320 --- [Order-Api] [restartedMain] c.o.o.OrderserviceApplication            : No active profile set, falling back to 1 default profile: "default"
2024-03-22T15:49:00.577+05:30  INFO 320 --- [Order-Api] [restartedMain] .e.DevToolsPropertyDefaultsPostProcessor : Devtools property defaults active! Set 'spring.devtools.add-properties' to 'false' to disable
2024-03-22T15:49:00.577+05:30  INFO 320 --- [Order-Api] [restartedMain] .e.DevToolsPropertyDefaultsPostProcessor : For additional web related logging consider setting the 'logging.level.web' property to 'DEBUG'
2024-03-22T15:49:01.184+05:30  INFO 320 --- [Order-Api] [restartedMain] o.s.b.w.embedded.tomcat.TomcatWebServer  : Tomcat initialized with port 8080 (http)
2024-03-22T15:49:01.191+05:30  INFO 320 --- [Order-Api] [restartedMain] o.apache.catalina.core.StandardService   : Starting service [Tomcat]
2024-03-22T15:49:01.191+05:30  INFO 320 --- [Order-Api] [restartedMain] o.apache.catalina.core.StandardEngine    : Starting Servlet engine: [Apache Tomcat/10.1.18]
2024-03-22T15:49:01.224+05:30  INFO 320 --- [Order-Api] [restartedMain] o.a.c.c.C.[Tomcat].[localhost].[/]       : Initializing Spring embedded WebApplicationContext
2024-03-22T15:49:01.224+05:30  INFO 320 --- [Order-Api] [restartedMain] w.s.c.ServletWebServerApplicationContext : Root WebApplicationContext: initialization completed in 647 ms
2024-03-22T15:49:01.562+05:30  WARN 320 --- [Order-Api] [restartedMain] o.s.b.d.a.OptionalLiveReloadServer       : Unable to start LiveReload server
2024-03-22T15:49:01.565+05:30  INFO 320 --- [Order-Api] [restartedMain] o.s.b.a.e.web.EndpointLinksResolver      : Exposing 14 endpoint(s) beneath base path '/actuator'
2024-03-22T15:49:01.601+05:30  INFO 320 --- [Order-Api] [restartedMain] o.s.b.w.embedded.tomcat.TomcatWebServer  : Tomcat started on port 8080 (http) with context path ''
2024-03-22T15:49:01.610+05:30  INFO 320 --- [Order-Api] [restartedMain] c.o.o.OrderserviceApplication            : Started OrderserviceApplication in 1.296 seconds (process running for 1.696)
2024-03-22T15:49:01.763+05:30  INFO 320 --- [Order-Api] [registrationTask1] d.c.b.a.c.r.ApplicationRegistrator       : Application registered itself as 34fecff80a31
2024-03-22T15:49:01.833+05:30  INFO 320 --- [Order-Api] [http-nio-8080-exec-1] o.a.c.c.C.[Tomcat].[localhost].[/]       : Initializing Spring DispatcherServlet 'dispatcherServlet'
2024-03-22T15:49:01.833+05:30  INFO 320 --- [Order-Api] [http-nio-8080-exec-1] o.s.web.servlet.DispatcherServlet        : Initializing Servlet 'dispatcherServlet'
2024-03-22T15:49:01.834+05:30  INFO 320 --- [Order-Api] [http-nio-8080-exec-1] o.s.web.servlet.DispatcherServlet        : Completed initialization in 1 ms
